<?xml version="1.0" encoding="UTF-8"?>
<!-- Generated by org.testng.reporters.JUnitReportReporter -->
<testsuite hostname="SRINATH-110102" failures="0" tests="10" name="com.testNG.InvocationCountClass" time="0.020" errors="0" timestamp="2025-07-23T15:59:50 IST" skipped="0">
  <testcase classname="com.testNG.InvocationCountClass" name="loginTest" time="0.001"/>
  <testcase classname="com.testNG.InvocationCountClass" name="loginTest" time="0.001"/>
  <testcase classname="com.testNG.InvocationCountClass" name="loginTest" time="0.001"/>
  <testcase classname="com.testNG.InvocationCountClass" name="loginTest" time="0.002"/>
  <testcase classname="com.testNG.InvocationCountClass" name="loginTest" time="0.001"/>
  <testcase classname="com.testNG.InvocationCountClass" name="loginTest" time="0.001"/>
  <testcase classname="com.testNG.InvocationCountClass" name="loginTest" time="0.001"/>
  <testcase classname="com.testNG.InvocationCountClass" name="loginTest" time="0.002"/>
  <testcase classname="com.testNG.InvocationCountClass" name="loginTest" time="0.009"/>
  <testcase classname="com.testNG.InvocationCountClass" name="loginTest" time="0.001"/>
</testsuite> <!-- com.testNG.InvocationCountClass -->
