<?xml version="1.0" encoding="UTF-8"?>
<!-- Generated by org.testng.reporters.JUnitReportReporter -->
<testsuite hostname="SRINATH-110102" failures="0" tests="3" name="com.testNG.CrossBrowserTesting" time="0.011" errors="0" timestamp="2025-07-21T22:55:12 IST" skipped="0">
  <testcase classname="com.testNG.CrossBrowserTesting" name="chrome" time="0.008"/>
  <testcase classname="com.testNG.CrossBrowserTesting" name="edge" time="0.002"/>
  <testcase classname="com.testNG.CrossBrowserTesting" name="firefox" time="0.001"/>
</testsuite> <!-- com.testNG.CrossBrowserTesting -->
