<?xml version="1.0" encoding="UTF-8"?>
<!-- Generated by org.testng.reporters.JUnitReportReporter -->
<testsuite hostname="SRINATH-110102" failures="0" tests="2" name="com.testNG.SimpleAnnotations" time="0.004" errors="0" timestamp="2025-07-21T22:56:01 IST" skipped="1">
  <testcase classname="com.testNG.SimpleAnnotations" name="wemen" time="0.004"/>
  <testcase classname="com.testNG.SimpleAnnotations" name="men">
    <skipped/>
  </testcase> <!-- men -->
</testsuite> <!-- com.testNG.SimpleAnnotations -->
