<?xml version="1.0" encoding="UTF-8"?>
<!-- Generated by org.testng.reporters.JUnitReportReporter -->
<testsuite hostname="SRINATH-110102" failures="0" tests="3" name="com.testNG.DependsonMethods" time="0.011" errors="0" timestamp="2025-07-22T21:49:03 IST" skipped="0">
  <testcase classname="com.testNG.DependsonMethods" name="methodthree" time="0.003"/>
  <testcase classname="com.testNG.DependsonMethods" name="methodtwo" time="0.002"/>
  <testcase classname="com.testNG.DependsonMethods" name="methodone" time="0.006"/>
</testsuite> <!-- com.testNG.DependsonMethods -->
