<?xml version="1.0" encoding="UTF-8"?>
<!-- Generated by org.testng.reporters.JUnitReportReporter -->
<testsuite hostname="SRINATH-110102" failures="0" tests="2" name="com.testNG.AssertClass" time="0.024" errors="0" timestamp="2025-07-22T21:32:44 IST" skipped="0">
  <testcase classname="com.testNG.AssertClass" name="softAssert" time="0.016"/>
  <testcase classname="com.testNG.AssertClass" name="hardAssert" time="0.008"/>
</testsuite> <!-- com.testNG.AssertClass -->
