<?xml version="1.0" encoding="UTF-8"?>
<!-- Generated by org.testng.reporters.JUnitReportReporter -->
<testsuite hostname="SRINATH-110102" failures="0" tests="3" name="com.testNG.GroupingClass" time="0.029" errors="0" timestamp="2025-07-23T11:56:01 IST" skipped="0">
  <testcase classname="com.testNG.GroupingClass" name="watermelon" time="0.003"/>
  <testcase classname="com.testNG.GroupingClass" name="orange" time="0.020"/>
  <testcase classname="com.testNG.GroupingClass" name="pineapple" time="0.006"/>
</testsuite> <!-- com.testNG.GroupingClass -->
